<?xml version="1.0" encoding="UTF-8"?>
<!-- Generated by org.testng.reporters.JUnitReportReporter -->
<testsuite hostname="DESKTOP-G4I6GLR" failures="0" tests="1" name="Tests.Scenario_finalized_for_Automation_test.QA_click_jet_tests.NegativeTestBookFlightTest" time="4.724" errors="0" timestamp="2021-10-26T16:21:18 IST" skipped="0">
  <testcase classname="Tests.Scenario_finalized_for_Automation_test.QA_click_jet_tests.NegativeTestBookFlightTest" name="NegativeTestSameDepAndArrivalLoc" time="4.724"/>
  <system-out/>
</testsuite> <!-- Tests.Scenario_finalized_for_Automation_test.QA_click_jet_tests.NegativeTestBookFlightTest -->
