<?xml version="1.0" encoding="UTF-8"?>
<!-- Generated by org.testng.reporters.JUnitReportReporter -->
<testsuite hostname="DESKTOP-GT80QV6" failures="0" tests="11" name="test.GetRequests.GetResuestTests" time="2.965" errors="0" timestamp="2021-10-29T01:34:14 IST" skipped="0">
  <testcase classname="test.GetRequests.GetResuestTests" name="getAlbumTen" time="0.629"/>
  <system-out/>
  <testcase classname="test.GetRequests.GetResuestTests" name="getAllPost" time="0.332"/>
  <system-out/>
  <testcase classname="test.GetRequests.GetResuestTests" name="getFirstPostCommentInvalid" time="0.195"/>
  <system-out/>
  <testcase classname="test.GetRequests.GetResuestTests" name="getAlbumInvalid" time="0.282"/>
  <system-out/>
  <testcase classname="test.GetRequests.GetResuestTests" name="getVeriFyIDHundrade" time="0.247"/>
  <system-out/>
  <testcase classname="test.GetRequests.GetResuestTests" name="getFirstPost" time="0.229"/>
  <system-out/>
  <testcase classname="test.GetRequests.GetResuestTests" name="getInvalidPost" time="0.190"/>
  <system-out/>
  <testcase classname="test.GetRequests.GetResuestTests" name="getInvalidComment" time="0.200"/>
  <system-out/>
  <testcase classname="test.GetRequests.GetResuestTests" name="getVeriFyEmailForFifthID" time="0.223"/>
  <system-out/>
  <testcase classname="test.GetRequests.GetResuestTests" name="getFirstPostComment" time="0.227"/>
  <system-out/>
  <testcase classname="test.GetRequests.GetResuestTests" name="getCommentsUnderFirstPost" time="0.211"/>
  <system-out/>
</testsuite> <!-- test.GetRequests.GetResuestTests -->
