<?xml version="1.0" encoding="UTF-8"?>
<!-- Generated by org.testng.reporters.JUnitReportReporter -->
<testsuite hostname="DESKTOP-GT80QV6" failures="0" tests="1" name="test.PostRequests.PostRequestTest" time="0.627" errors="0" timestamp="2021-10-29T01:34:14 IST" skipped="0">
  <testcase classname="test.PostRequests.PostRequestTest" name="verifyPostEndPoint" time="0.627"/>
  <system-out/>
</testsuite> <!-- test.PostRequests.PostRequestTest -->
