<?xml version="1.0" encoding="UTF-8"?>
<!-- Generated by org.testng.reporters.JUnitReportReporter -->
<testsuite hostname="DESKTOP-GT80QV6" failures="0" tests="1" name="test.PatchRequests.PatchRequestTest" time="0.649" errors="0" timestamp="2021-10-29T01:34:14 IST" skipped="0">
  <testcase classname="test.PatchRequests.PatchRequestTest" name="verifyPutEndPoint" time="0.649"/>
  <system-out/>
</testsuite> <!-- test.PatchRequests.PatchRequestTest -->
