<?xml version="1.0" encoding="UTF-8"?>
<!-- Generated by org.testng.reporters.JUnitReportReporter -->
<testsuite hostname="DESKTOP-GT80QV6" failures="0" tests="1" name="test.PutRequest.PutRequestTest" time="0.639" errors="0" timestamp="2021-10-29T01:34:14 IST" skipped="0">
  <testcase classname="test.PutRequest.PutRequestTest" name="verifyPatchEndPoint" time="0.639"/>
  <system-out/>
</testsuite> <!-- test.PutRequest.PutRequestTest -->
